{
  "RSpec": {
    "coverage": {
      "/Users/brickstar/turing/2module/good_reads/spec/features/user_sees_all_books_spec.rb": [
        1,
        null,
        null,
        1,
        1,
        1,
        1,
        1,
        1,
        1,
        1,
        1,
        1,
        null,
        null,
        1,
        null,
        1,
        null,
        1,
        1,
        null,
        null
      ],
      "/Users/brickstar/turing/2module/good_reads/spec/models/book_spec.rb": [
        1,
        null,
        1,
        1,
        1,
        2,
        2,
        2,
        2,
        2,
        null,
        null,
        1,
        1,
        null,
        1,
        null,
        null,
        null,
        1,
        1,
        null,
        1,
        null,
        null,
        null,
        null,
        null
      ],
      "/Users/brickstar/turing/2module/good_reads/app/models/book.rb": [
        1,
        1,
        1,
        null,
        1,
        7,
        null,
        null,
        1,
        7,
        null,
        null
      ],
      "/Users/brickstar/turing/2module/good_reads/app/models/application_record.rb": [
        1,
        1,
        null
      ],
      "/Users/brickstar/turing/2module/good_reads/app/models/review.rb": [
        1,
        1,
        1,
        null
      ],
      "/Users/brickstar/turing/2module/good_reads/app/models/user.rb": [
        1,
        1,
        1,
        null
      ],
      "/Users/brickstar/turing/2module/good_reads/app/controllers/books_controller.rb": [
        1,
        1,
        1,
        null,
        null,
        1,
        5,
        null,
        null
      ],
      "/Users/brickstar/turing/2module/good_reads/app/controllers/application_controller.rb": [
        1,
        1,
        null
      ]
    },
    "timestamp": 1531500115
  }
}
